<?xml version="1.0" encoding="UTF-8"?>
<!-- Generated by org.testng.reporters.JUnitReportReporter -->
<testsuite skipped="0" hostname="LAPTOP-H9JS9602" name="com.mycompany.app.LoginTest" tests="2" failures="0" timestamp="16 Mar 2019 06:54:56 GMT" time="0.002" errors="0">
  <testcase name="hsh" time="0.000" classname="com.mycompany.app.LoginTest"/>
  <testcase name="login" time="0.002" classname="com.mycompany.app.LoginTest"/>
</testsuite> <!-- com.mycompany.app.LoginTest -->
