<?xml version="1.0" encoding="UTF-8"?>
<!-- Generated by org.testng.reporters.JUnitReportReporter -->
<testsuite skipped="0" hostname="LAPTOP-H9JS9602" name="com.mycompany.app.Selenium" tests="2" failures="0" timestamp="12 Aug 2018 15:32:35 GMT" time="0.033" errors="0">
  <testcase name="OpeningBrowser" time="0.030" classname="com.mycompany.app.Selenium"/>
  <testcase name="hd" time="0.003" classname="com.mycompany.app.Selenium"/>
</testsuite> <!-- com.mycompany.app.Selenium -->
