<?xml version="1.0" encoding="UTF-8"?>
<!-- Generated by org.testng.reporters.JUnitReportReporter -->
<testsuite skipped="0" hostname="LAPTOP-H9JS9602" name="com.mycompany.app.SeleniumTest" tests="2" failures="0" timestamp="12 Aug 2018 15:45:29 GMT" time="0.000" errors="0">
  <testcase name="OpeningBrowser" time="0.000" classname="com.mycompany.app.SeleniumTest"/>
  <testcase name="hd" time="0.000" classname="com.mycompany.app.SeleniumTest"/>
</testsuite> <!-- com.mycompany.app.SeleniumTest -->
